2026-02-07 13:43:15,667 - spectral_temporal_curriculum_molecular_gap_prediction.utils.config - INFO - Loaded configuration from configs/default.yaml
2026-02-07 13:43:15,669 - spectral_temporal_curriculum_molecular_gap_prediction.utils.config - INFO - Saved configuration to outputs/effective_config.yaml
2026-02-07 13:43:15,669 - __main__ - INFO - Effective configuration saved to outputs/effective_config.yaml
2026-02-07 13:43:15,669 - __main__ - INFO - Starting training pipeline
Seed set to 42
2026-02-07 13:43:15,670 - __main__ - INFO - Set random seed to 42 for reproducible training
2026-02-07 13:43:15,670 - __main__ - INFO - Initializing data module...
2026-02-07 13:43:15,670 - spectral_temporal_curriculum_molecular_gap_prediction.data.loader - INFO - Loading 50000 molecules from raw CSV
2026-02-07 13:43:15,670 - spectral_temporal_curriculum_molecular_gap_prediction.data.loader - INFO - Processing up to 50000 molecules from data/pcqm4m-v2/raw/data.csv.gz
2026-02-07 13:43:17,116 - spectral_temporal_curriculum_molecular_gap_prediction.data.loader - INFO - Processed 10000/50000 molecules
2026-02-07 13:43:18,770 - spectral_temporal_curriculum_molecular_gap_prediction.data.loader - INFO - Processed 20000/50000 molecules
2026-02-07 13:43:20,185 - spectral_temporal_curriculum_molecular_gap_prediction.data.loader - INFO - Processed 30000/50000 molecules
2026-02-07 13:43:21,724 - spectral_temporal_curriculum_molecular_gap_prediction.data.loader - INFO - Processed 40000/50000 molecules
2026-02-07 13:43:23,118 - spectral_temporal_curriculum_molecular_gap_prediction.data.loader - INFO - Processed 50000/50000 molecules
2026-02-07 13:43:23,118 - spectral_temporal_curriculum_molecular_gap_prediction.data.loader - INFO - Processed 50000 molecules, saving cache
2026-02-07 13:43:28,896 - spectral_temporal_curriculum_molecular_gap_prediction.data.loader - INFO - Computing spectral features for curriculum learning...
2026-02-07 13:43:28,896 - spectral_temporal_curriculum_molecular_gap_prediction.data.loader - INFO - Computing spectral features for curriculum learning...
2026-02-07 13:43:28,896 - spectral_temporal_curriculum_molecular_gap_prediction.data.loader - INFO - Processed 0/40000 samples
2026-02-07 13:43:29,443 - spectral_temporal_curriculum_molecular_gap_prediction.data.loader - INFO - Processed 1000/40000 samples
2026-02-07 13:43:29,958 - spectral_temporal_curriculum_molecular_gap_prediction.data.loader - INFO - Processed 2000/40000 samples
2026-02-07 13:43:30,455 - spectral_temporal_curriculum_molecular_gap_prediction.data.loader - INFO - Processed 3000/40000 samples
2026-02-07 13:43:30,960 - spectral_temporal_curriculum_molecular_gap_prediction.data.loader - INFO - Processed 4000/40000 samples
2026-02-07 13:43:31,442 - spectral_temporal_curriculum_molecular_gap_prediction.data.loader - INFO - Processed 5000/40000 samples
2026-02-07 13:43:31,954 - spectral_temporal_curriculum_molecular_gap_prediction.data.loader - INFO - Processed 6000/40000 samples
2026-02-07 13:43:32,454 - spectral_temporal_curriculum_molecular_gap_prediction.data.loader - INFO - Processed 7000/40000 samples
2026-02-07 13:43:32,965 - spectral_temporal_curriculum_molecular_gap_prediction.data.loader - INFO - Processed 8000/40000 samples
2026-02-07 13:43:33,445 - spectral_temporal_curriculum_molecular_gap_prediction.data.loader - INFO - Processed 9000/40000 samples
2026-02-07 13:43:33,925 - spectral_temporal_curriculum_molecular_gap_prediction.data.loader - INFO - Processed 10000/40000 samples
2026-02-07 13:43:34,405 - spectral_temporal_curriculum_molecular_gap_prediction.data.loader - INFO - Processed 11000/40000 samples
2026-02-07 13:43:34,930 - spectral_temporal_curriculum_molecular_gap_prediction.data.loader - INFO - Processed 12000/40000 samples
2026-02-07 13:43:35,437 - spectral_temporal_curriculum_molecular_gap_prediction.data.loader - INFO - Processed 13000/40000 samples
2026-02-07 13:43:35,952 - spectral_temporal_curriculum_molecular_gap_prediction.data.loader - INFO - Processed 14000/40000 samples
2026-02-07 13:43:36,455 - spectral_temporal_curriculum_molecular_gap_prediction.data.loader - INFO - Processed 15000/40000 samples
2026-02-07 13:43:36,952 - spectral_temporal_curriculum_molecular_gap_prediction.data.loader - INFO - Processed 16000/40000 samples
2026-02-07 13:43:37,448 - spectral_temporal_curriculum_molecular_gap_prediction.data.loader - INFO - Processed 17000/40000 samples
2026-02-07 13:43:37,956 - spectral_temporal_curriculum_molecular_gap_prediction.data.loader - INFO - Processed 18000/40000 samples
2026-02-07 13:43:38,456 - spectral_temporal_curriculum_molecular_gap_prediction.data.loader - INFO - Processed 19000/40000 samples
2026-02-07 13:43:38,963 - spectral_temporal_curriculum_molecular_gap_prediction.data.loader - INFO - Processed 20000/40000 samples
2026-02-07 13:43:39,460 - spectral_temporal_curriculum_molecular_gap_prediction.data.loader - INFO - Processed 21000/40000 samples
2026-02-07 13:43:39,962 - spectral_temporal_curriculum_molecular_gap_prediction.data.loader - INFO - Processed 22000/40000 samples
2026-02-07 13:43:40,460 - spectral_temporal_curriculum_molecular_gap_prediction.data.loader - INFO - Processed 23000/40000 samples
2026-02-07 13:43:40,975 - spectral_temporal_curriculum_molecular_gap_prediction.data.loader - INFO - Processed 24000/40000 samples
2026-02-07 13:43:41,475 - spectral_temporal_curriculum_molecular_gap_prediction.data.loader - INFO - Processed 25000/40000 samples
2026-02-07 13:43:41,974 - spectral_temporal_curriculum_molecular_gap_prediction.data.loader - INFO - Processed 26000/40000 samples
2026-02-07 13:43:42,462 - spectral_temporal_curriculum_molecular_gap_prediction.data.loader - INFO - Processed 27000/40000 samples
2026-02-07 13:43:42,962 - spectral_temporal_curriculum_molecular_gap_prediction.data.loader - INFO - Processed 28000/40000 samples
2026-02-07 13:43:43,452 - spectral_temporal_curriculum_molecular_gap_prediction.data.loader - INFO - Processed 29000/40000 samples
2026-02-07 13:43:43,955 - spectral_temporal_curriculum_molecular_gap_prediction.data.loader - INFO - Processed 30000/40000 samples
2026-02-07 13:43:44,449 - spectral_temporal_curriculum_molecular_gap_prediction.data.loader - INFO - Processed 31000/40000 samples
2026-02-07 13:43:44,958 - spectral_temporal_curriculum_molecular_gap_prediction.data.loader - INFO - Processed 32000/40000 samples
2026-02-07 13:43:45,457 - spectral_temporal_curriculum_molecular_gap_prediction.data.loader - INFO - Processed 33000/40000 samples
2026-02-07 13:43:45,964 - spectral_temporal_curriculum_molecular_gap_prediction.data.loader - INFO - Processed 34000/40000 samples
2026-02-07 13:43:46,454 - spectral_temporal_curriculum_molecular_gap_prediction.data.loader - INFO - Processed 35000/40000 samples
2026-02-07 13:43:46,960 - spectral_temporal_curriculum_molecular_gap_prediction.data.loader - INFO - Processed 36000/40000 samples
2026-02-07 13:43:47,457 - spectral_temporal_curriculum_molecular_gap_prediction.data.loader - INFO - Processed 37000/40000 samples
2026-02-07 13:43:47,945 - spectral_temporal_curriculum_molecular_gap_prediction.data.loader - INFO - Processed 38000/40000 samples
2026-02-07 13:43:48,418 - spectral_temporal_curriculum_molecular_gap_prediction.data.loader - INFO - Processed 39000/40000 samples
2026-02-07 13:43:48,904 - spectral_temporal_curriculum_molecular_gap_prediction.data.loader - INFO - Computed spectral features for 40000 samples
2026-02-07 13:43:48,956 - spectral_temporal_curriculum_molecular_gap_prediction.data.loader - INFO - Saved spectral features cache to data/spectral_cache/train_spectral_features.pkl
2026-02-07 13:43:48,956 - spectral_temporal_curriculum_molecular_gap_prediction.data.loader - INFO - Computing spectral features for curriculum learning...
2026-02-07 13:43:48,956 - spectral_temporal_curriculum_molecular_gap_prediction.data.loader - INFO - Processed 0/5000 samples
2026-02-07 13:43:49,453 - spectral_temporal_curriculum_molecular_gap_prediction.data.loader - INFO - Processed 1000/5000 samples
2026-02-07 13:43:49,960 - spectral_temporal_curriculum_molecular_gap_prediction.data.loader - INFO - Processed 2000/5000 samples
2026-02-07 13:43:50,456 - spectral_temporal_curriculum_molecular_gap_prediction.data.loader - INFO - Processed 3000/5000 samples
2026-02-07 13:43:50,957 - spectral_temporal_curriculum_molecular_gap_prediction.data.loader - INFO - Processed 4000/5000 samples
2026-02-07 13:43:51,452 - spectral_temporal_curriculum_molecular_gap_prediction.data.loader - INFO - Computed spectral features for 5000 samples
2026-02-07 13:43:51,457 - spectral_temporal_curriculum_molecular_gap_prediction.data.loader - INFO - Saved spectral features cache to data/spectral_cache/val_spectral_features.pkl
2026-02-07 13:43:51,457 - spectral_temporal_curriculum_molecular_gap_prediction.data.loader - INFO - Fitting feature normalizer...
2026-02-07 13:43:51,457 - spectral_temporal_curriculum_molecular_gap_prediction.data.preprocessing - INFO - Computing feature normalization statistics...
2026-02-07 13:43:51,467 - spectral_temporal_curriculum_molecular_gap_prediction.data.preprocessing - INFO - Feature normalization statistics computed.
2026-02-07 13:43:51,468 - __main__ - INFO - Initializing model...
2026-02-07 13:43:51,468 - spectral_temporal_curriculum_molecular_gap_prediction.models.model - INFO - Initializing SpectralTemporalNet: hidden_dim=256, mp_layers=4, num_spectral_filters=6, fusion_type=cross_attention, pooling=attention
/home/alireza/anaconda3/lib/python3.13/site-packages/mlflow/tracking/_tracking_service/utils.py:178: FutureWarning: The filesystem tracking backend (e.g., './mlruns') will be deprecated in February 2026. Consider transitioning to a database backend (e.g., 'sqlite:///mlflow.db') to take advantage of the latest MLflow features. See https://github.com/mlflow/mlflow/issues/18534 for more details and migration guidance. For migrating existing data, https://github.com/mlflow/mlflow-export-import can be used.
  return FileStore(store_uri, store_uri)
/home/alireza/anaconda3/lib/python3.13/site-packages/lightning_fabric/plugins/environments/slurm.py:204: The `srun` command is available on your system but is not used. HINT: If your intention is to run Lightning on SLURM, prepend your python command with `srun` like so: srun python scripts/train.py --config configs/default.yaml ...
Trainer already configured with model summary callbacks: [<class 'pytorch_lightning.callbacks.rich_model_summary.RichModelSummary'>]. Skipping setting a default `ModelSummary` callback.
GPU available: True (cuda), used: True
TPU available: False, using: 0 TPU cores
HPU available: False, using: 0 HPUs
2026-02-07 13:43:51,607 - __main__ - INFO - Configuration logged to MLflow
2026-02-07 13:43:51,608 - __main__ - INFO - Model has 1,779,940 total parameters, 1,779,940 trainable
2026-02-07 13:43:51,608 - __main__ - INFO - Starting curriculum training...
/home/alireza/anaconda3/lib/python3.13/site-packages/lightning_fabric/plugins/environments/slurm.py:204: The `srun` command is available on your system but is not used. HINT: If your intention is to run Lightning on SLURM, prepend your python command with `srun` like so: srun python scripts/train.py --config configs/default.yaml ...
You are using a CUDA device ('NVIDIA GeForce RTX 4090') that has Tensor Cores. To properly utilize them, you should set `torch.set_float32_matmul_precision('medium' | 'high')` which will trade-off precision for performance. For more details, read https://pytorch.org/docs/stable/generated/torch.set_float32_matmul_precision.html#torch.set_float32_matmul_precision
Experiment with name spectral-temporal-curriculum not found. Creating it.
2026-02-07 13:43:51,724 - spectral_temporal_curriculum_molecular_gap_prediction.data.loader - INFO - Loading 50000 molecules from raw CSV
2026-02-07 13:43:51,724 - spectral_temporal_curriculum_molecular_gap_prediction.data.loader - INFO - Loading cached graph data from data/pcqm4m-v2/csv_graphs_50000.pkl
2026-02-07 13:43:58,275 - spectral_temporal_curriculum_molecular_gap_prediction.data.loader - INFO - Loaded 40000 cached spectral features
2026-02-07 13:43:58,280 - spectral_temporal_curriculum_molecular_gap_prediction.data.loader - INFO - Loaded 5000 cached spectral features
2026-02-07 13:43:58,377 - spectral_temporal_curriculum_molecular_gap_prediction.data.loader - INFO - Computing spectral features for curriculum learning...
2026-02-07 13:43:58,377 - spectral_temporal_curriculum_molecular_gap_prediction.data.loader - INFO - Computing spectral features for curriculum learning...
2026-02-07 13:43:58,377 - spectral_temporal_curriculum_molecular_gap_prediction.data.loader - INFO - Processed 0/40000 samples
2026-02-07 13:43:58,377 - spectral_temporal_curriculum_molecular_gap_prediction.data.loader - INFO - Processed 1000/40000 samples
2026-02-07 13:43:58,377 - spectral_temporal_curriculum_molecular_gap_prediction.data.loader - INFO - Processed 2000/40000 samples
2026-02-07 13:43:58,377 - spectral_temporal_curriculum_molecular_gap_prediction.data.loader - INFO - Processed 3000/40000 samples
2026-02-07 13:43:58,377 - spectral_temporal_curriculum_molecular_gap_prediction.data.loader - INFO - Processed 4000/40000 samples
2026-02-07 13:43:58,377 - spectral_temporal_curriculum_molecular_gap_prediction.data.loader - INFO - Processed 5000/40000 samples
2026-02-07 13:43:58,377 - spectral_temporal_curriculum_molecular_gap_prediction.data.loader - INFO - Processed 6000/40000 samples
2026-02-07 13:43:58,377 - spectral_temporal_curriculum_molecular_gap_prediction.data.loader - INFO - Processed 7000/40000 samples
2026-02-07 13:43:58,377 - spectral_temporal_curriculum_molecular_gap_prediction.data.loader - INFO - Processed 8000/40000 samples
2026-02-07 13:43:58,377 - spectral_temporal_curriculum_molecular_gap_prediction.data.loader - INFO - Processed 9000/40000 samples
2026-02-07 13:43:58,377 - spectral_temporal_curriculum_molecular_gap_prediction.data.loader - INFO - Processed 10000/40000 samples
2026-02-07 13:43:58,377 - spectral_temporal_curriculum_molecular_gap_prediction.data.loader - INFO - Processed 11000/40000 samples
2026-02-07 13:43:58,377 - spectral_temporal_curriculum_molecular_gap_prediction.data.loader - INFO - Processed 12000/40000 samples
2026-02-07 13:43:58,378 - spectral_temporal_curriculum_molecular_gap_prediction.data.loader - INFO - Processed 13000/40000 samples
2026-02-07 13:43:58,378 - spectral_temporal_curriculum_molecular_gap_prediction.data.loader - INFO - Processed 14000/40000 samples
2026-02-07 13:43:58,378 - spectral_temporal_curriculum_molecular_gap_prediction.data.loader - INFO - Processed 15000/40000 samples
2026-02-07 13:43:58,378 - spectral_temporal_curriculum_molecular_gap_prediction.data.loader - INFO - Processed 16000/40000 samples
2026-02-07 13:43:58,378 - spectral_temporal_curriculum_molecular_gap_prediction.data.loader - INFO - Processed 17000/40000 samples
2026-02-07 13:43:58,378 - spectral_temporal_curriculum_molecular_gap_prediction.data.loader - INFO - Processed 18000/40000 samples
2026-02-07 13:43:58,378 - spectral_temporal_curriculum_molecular_gap_prediction.data.loader - INFO - Processed 19000/40000 samples
2026-02-07 13:43:58,378 - spectral_temporal_curriculum_molecular_gap_prediction.data.loader - INFO - Processed 20000/40000 samples
2026-02-07 13:43:58,378 - spectral_temporal_curriculum_molecular_gap_prediction.data.loader - INFO - Processed 21000/40000 samples
2026-02-07 13:43:58,378 - spectral_temporal_curriculum_molecular_gap_prediction.data.loader - INFO - Processed 22000/40000 samples
2026-02-07 13:43:58,378 - spectral_temporal_curriculum_molecular_gap_prediction.data.loader - INFO - Processed 23000/40000 samples
2026-02-07 13:43:58,378 - spectral_temporal_curriculum_molecular_gap_prediction.data.loader - INFO - Processed 24000/40000 samples
2026-02-07 13:43:58,378 - spectral_temporal_curriculum_molecular_gap_prediction.data.loader - INFO - Processed 25000/40000 samples
2026-02-07 13:43:58,378 - spectral_temporal_curriculum_molecular_gap_prediction.data.loader - INFO - Processed 26000/40000 samples
2026-02-07 13:43:58,378 - spectral_temporal_curriculum_molecular_gap_prediction.data.loader - INFO - Processed 27000/40000 samples
2026-02-07 13:43:58,378 - spectral_temporal_curriculum_molecular_gap_prediction.data.loader - INFO - Processed 28000/40000 samples
2026-02-07 13:43:58,378 - spectral_temporal_curriculum_molecular_gap_prediction.data.loader - INFO - Processed 29000/40000 samples
2026-02-07 13:43:58,378 - spectral_temporal_curriculum_molecular_gap_prediction.data.loader - INFO - Processed 30000/40000 samples
2026-02-07 13:43:58,378 - spectral_temporal_curriculum_molecular_gap_prediction.data.loader - INFO - Processed 31000/40000 samples
2026-02-07 13:43:58,378 - spectral_temporal_curriculum_molecular_gap_prediction.data.loader - INFO - Processed 32000/40000 samples
2026-02-07 13:43:58,378 - spectral_temporal_curriculum_molecular_gap_prediction.data.loader - INFO - Processed 33000/40000 samples
2026-02-07 13:43:58,378 - spectral_temporal_curriculum_molecular_gap_prediction.data.loader - INFO - Processed 34000/40000 samples
2026-02-07 13:43:58,379 - spectral_temporal_curriculum_molecular_gap_prediction.data.loader - INFO - Processed 35000/40000 samples
2026-02-07 13:43:58,379 - spectral_temporal_curriculum_molecular_gap_prediction.data.loader - INFO - Processed 36000/40000 samples
2026-02-07 13:43:58,379 - spectral_temporal_curriculum_molecular_gap_prediction.data.loader - INFO - Processed 37000/40000 samples
2026-02-07 13:43:58,379 - spectral_temporal_curriculum_molecular_gap_prediction.data.loader - INFO - Processed 38000/40000 samples
2026-02-07 13:43:58,379 - spectral_temporal_curriculum_molecular_gap_prediction.data.loader - INFO - Processed 39000/40000 samples
2026-02-07 13:43:58,379 - spectral_temporal_curriculum_molecular_gap_prediction.data.loader - INFO - Computed spectral features for 40000 samples
2026-02-07 13:43:58,418 - spectral_temporal_curriculum_molecular_gap_prediction.data.loader - INFO - Saved spectral features cache to data/spectral_cache/train_spectral_features.pkl
2026-02-07 13:43:58,418 - spectral_temporal_curriculum_molecular_gap_prediction.data.loader - INFO - Computing spectral features for curriculum learning...
2026-02-07 13:43:58,418 - spectral_temporal_curriculum_molecular_gap_prediction.data.loader - INFO - Processed 0/5000 samples
2026-02-07 13:43:58,418 - spectral_temporal_curriculum_molecular_gap_prediction.data.loader - INFO - Processed 1000/5000 samples
2026-02-07 13:43:58,418 - spectral_temporal_curriculum_molecular_gap_prediction.data.loader - INFO - Processed 2000/5000 samples
2026-02-07 13:43:58,418 - spectral_temporal_curriculum_molecular_gap_prediction.data.loader - INFO - Processed 3000/5000 samples
2026-02-07 13:43:58,418 - spectral_temporal_curriculum_molecular_gap_prediction.data.loader - INFO - Processed 4000/5000 samples
2026-02-07 13:43:58,418 - spectral_temporal_curriculum_molecular_gap_prediction.data.loader - INFO - Computed spectral features for 5000 samples
2026-02-07 13:43:58,422 - spectral_temporal_curriculum_molecular_gap_prediction.data.loader - INFO - Saved spectral features cache to data/spectral_cache/val_spectral_features.pkl
2026-02-07 13:43:58,422 - spectral_temporal_curriculum_molecular_gap_prediction.data.loader - INFO - Fitting feature normalizer...
2026-02-07 13:43:58,423 - spectral_temporal_curriculum_molecular_gap_prediction.data.preprocessing - INFO - Computing feature normalization statistics...
2026-02-07 13:43:58,426 - spectral_temporal_curriculum_molecular_gap_prediction.data.preprocessing - INFO - Feature normalization statistics computed.
LOCAL_RANK: 0 - CUDA_VISIBLE_DEVICES: [0]
┏━━━━┳━━━━━━━━━━━━━━━━━━━━━━━━━━━━━━━━━━━━━━━━━┳━━━━━━━━━━━━━━┳━━━━━━━━┳━━━━━━━┓
┃    ┃ Name                                    ┃ Type         ┃ Params ┃ Mode  ┃
┡━━━━╇━━━━━━━━━━━━━━━━━━━━━━━━━━━━━━━━━━━━━━━━━╇━━━━━━━━━━━━━━╇━━━━━━━━╇━━━━━━━┩
│ 0  │ model                                   │ SpectralTem… │  1.8 M │ train │
│ 1  │ model.node_proj                         │ Linear       │ 33.0 K │ train │
│ 2  │ model.edge_proj                         │ Linear       │ 16.6 K │ train │
│ 3  │ model.mp_encoder                        │ MessagePass… │  528 K │ train │
│ 4  │ model.mp_encoder.convs                  │ ModuleList   │  526 K │ train │
│ 5  │ model.mp_encoder.batch_norms            │ ModuleList   │  2.0 K │ train │
│ 6  │ model.spectral_encoder                  │ SpectralFil… │  733 K │ train │
│ 7  │ model.spectral_encoder.filters          │ ModuleList   │  731 K │ train │
│ 8  │ model.spectral_encoder.filter_attention │ Sequential   │  1.5 K │ train │
│ 9  │ model.spectral_encoder.dropout          │ Dropout      │      0 │ train │
│ 10 │ model.spectral_encoder.layer_norm       │ LayerNorm    │    504 │ train │
│ 11 │ model.fusion                            │ DualViewFus… │  394 K │ train │
│ 12 │ model.fusion.mp_proj                    │ Linear       │ 65.8 K │ train │
│ 13 │ model.fusion.spectral_proj              │ Linear       │ 64.8 K │ train │
│ 14 │ model.fusion.cross_attention            │ MultiheadAt… │  263 K │ train │
│ 15 │ model.fusion.layer_norm                 │ LayerNorm    │    512 │ train │
│ 16 │ model.fusion.dropout                    │ Dropout      │      0 │ train │
│ 17 │ model.pool_attention                    │ Sequential   │ 33.0 K │ train │
│ 18 │ model.pool_attention.0                  │ Linear       │ 32.9 K │ train │
│ 19 │ model.pool_attention.1                  │ ReLU         │      0 │ train │
│ 20 │ model.pool_attention.2                  │ Linear       │    129 │ train │
│ 21 │ model.output_head                       │ Sequential   │ 41.2 K │ train │
│ 22 │ model.output_head.0                     │ Linear       │ 32.9 K │ train │
│ 23 │ model.output_head.1                     │ ReLU         │      0 │ train │
│ 24 │ model.output_head.2                     │ Dropout      │      0 │ train │
│ 25 │ model.output_head.3                     │ Linear       │  8.3 K │ train │
│ 26 │ model.output_head.4                     │ ReLU         │      0 │ train │
│ 27 │ model.output_head.5                     │ Dropout      │      0 │ train │
│ 28 │ model.output_head.6                     │ Linear       │     65 │ train │
│ 29 │ loss_fn                                 │ CustomLoss   │      0 │ train │
│ 30 │ loss_fn.criterion                       │ L1Loss       │      0 │ train │
└────┴─────────────────────────────────────────┴──────────────┴────────┴───────┘
Trainable params: 1.8 M                                                         
Non-trainable params: 0                                                         
Total params: 1.8 M                                                             
Total estimated model params size (MB): 7                                       
Modules in train mode: 74                                                       
Modules in eval mode: 0                                                         
/home/alireza/anaconda3/lib/python3.13/site-packages/pytorch_lightning/utilities/_pytree.py:21: `isinstance(treespec, LeafSpec)` is deprecated, use `isinstance(treespec, TreeSpec) and treespec.is_leaf()` instead.
/home/alireza/anaconda3/lib/python3.13/site-packages/pytorch_lightning/utilities/data.py:79: Trying to infer the `batch_size` from an ambiguous collection. The batch size we found is 904. To avoid any miscalculations, use `self.log(..., batch_size=batch_size)`.
/home/alireza/anaconda3/lib/python3.13/site-packages/pytorch_lightning/utilities/data.py:79: Trying to infer the `batch_size` from an ambiguous collection. The batch size we found is 944. To avoid any miscalculations, use `self.log(..., batch_size=batch_size)`.
2026-02-07 13:43:59,204 - spectral_temporal_curriculum_molecular_gap_prediction.training.trainer - INFO - Epoch 0: Using 10.00% of training data
/home/alireza/anaconda3/lib/python3.13/site-packages/pytorch_lightning/utilities/data.py:79: Trying to infer the `batch_size` from an ambiguous collection. The batch size we found is 834. To avoid any miscalculations, use `self.log(..., batch_size=batch_size)`.
/home/alireza/anaconda3/lib/python3.13/site-packages/pytorch_lightning/utilities/data.py:79: Trying to infer the `batch_size` from an ambiguous collection. The batch size we found is 840. To avoid any miscalculations, use `self.log(..., batch_size=batch_size)`.
/home/alireza/anaconda3/lib/python3.13/site-packages/pytorch_lightning/utilities/data.py:79: Trying to infer the `batch_size` from an ambiguous collection. The batch size we found is 900. To avoid any miscalculations, use `self.log(..., batch_size=batch_size)`.
/home/alireza/anaconda3/lib/python3.13/site-packages/pytorch_lightning/utilities/data.py:79: Trying to infer the `batch_size` from an ambiguous collection. The batch size we found is 893. To avoid any miscalculations, use `self.log(..., batch_size=batch_size)`.
/home/alireza/anaconda3/lib/python3.13/site-packages/pytorch_lightning/utilities/data.py:79: Trying to infer the `batch_size` from an ambiguous collection. The batch size we found is 898. To avoid any miscalculations, use `self.log(..., batch_size=batch_size)`.
/home/alireza/anaconda3/lib/python3.13/site-packages/pytorch_lightning/utilities/data.py:79: Trying to infer the `batch_size` from an ambiguous collection. The batch size we found is 956. To avoid any miscalculations, use `self.log(..., batch_size=batch_size)`.
/home/alireza/anaconda3/lib/python3.13/site-packages/pytorch_lightning/utilities/data.py:79: Trying to infer the `batch_size` from an ambiguous collection. The batch size we found is 907. To avoid any miscalculations, use `self.log(..., batch_size=batch_size)`.
/home/alireza/anaconda3/lib/python3.13/site-packages/pytorch_lightning/utilities/data.py:79: Trying to infer the `batch_size` from an ambiguous collection. The batch size we found is 921. To avoid any miscalculations, use `self.log(..., batch_size=batch_size)`.
/home/alireza/anaconda3/lib/python3.13/site-packages/pytorch_lightning/utilities/data.py:79: Trying to infer the `batch_size` from an ambiguous collection. The batch size we found is 890. To avoid any miscalculations, use `self.log(..., batch_size=batch_size)`.
/home/alireza/anaconda3/lib/python3.13/site-packages/pytorch_lightning/utilities/data.py:79: Trying to infer the `batch_size` from an ambiguous collection. The batch size we found is 926. To avoid any miscalculations, use `self.log(..., batch_size=batch_size)`.
/home/alireza/anaconda3/lib/python3.13/site-packages/pytorch_lightning/utilities/data.py:79: Trying to infer the `batch_size` from an ambiguous collection. The batch size we found is 894. To avoid any miscalculations, use `self.log(..., batch_size=batch_size)`.
/home/alireza/anaconda3/lib/python3.13/site-packages/pytorch_lightning/utilities/data.py:79: Trying to infer the `batch_size` from an ambiguous collection. The batch size we found is 830. To avoid any miscalculations, use `self.log(..., batch_size=batch_size)`.
/home/alireza/anaconda3/lib/python3.13/site-packages/pytorch_lightning/utilities/data.py:79: Trying to infer the `batch_size` from an ambiguous collection. The batch size we found is 945. To avoid any miscalculations, use `self.log(..., batch_size=batch_size)`.
/home/alireza/anaconda3/lib/python3.13/site-packages/pytorch_lightning/utilities/data.py:79: Trying to infer the `batch_size` from an ambiguous collection. The batch size we found is 859. To avoid any miscalculations, use `self.log(..., batch_size=batch_size)`.
/home/alireza/anaconda3/lib/python3.13/site-packages/pytorch_lightning/utilities/data.py:79: Trying to infer the `batch_size` from an ambiguous collection. The batch size we found is 934. To avoid any miscalculations, use `self.log(..., batch_size=batch_size)`.
/home/alireza/anaconda3/lib/python3.13/site-packages/pytorch_lightning/utilities/data.py:79: Trying to infer the `batch_size` from an ambiguous collection. The batch size we found is 912. To avoid any miscalculations, use `self.log(..., batch_size=batch_size)`.
/home/alireza/anaconda3/lib/python3.13/site-packages/pytorch_lightning/utilities/data.py:79: Trying to infer the `batch_size` from an ambiguous collection. The batch size we found is 896. To avoid any miscalculations, use `self.log(..., batch_size=batch_size)`.
/home/alireza/anaconda3/lib/python3.13/site-packages/pytorch_lightning/utilities/data.py:79: Trying to infer the `batch_size` from an ambiguous collection. The batch size we found is 881. To avoid any miscalculations, use `self.log(..., batch_size=batch_size)`.
/home/alireza/anaconda3/lib/python3.13/site-packages/pytorch_lightning/utilities/data.py:79: Trying to infer the `batch_size` from an ambiguous collection. The batch size we found is 927. To avoid any miscalculations, use `self.log(..., batch_size=batch_size)`.
/home/alireza/anaconda3/lib/python3.13/site-packages/pytorch_lightning/utilities/data.py:79: Trying to infer the `batch_size` from an ambiguous collection. The batch size we found is 931. To avoid any miscalculations, use `self.log(..., batch_size=batch_size)`.
/home/alireza/anaconda3/lib/python3.13/site-packages/pytorch_lightning/utilities/data.py:79: Trying to infer the `batch_size` from an ambiguous collection. The batch size we found is 906. To avoid any miscalculations, use `self.log(..., batch_size=batch_size)`.
/home/alireza/anaconda3/lib/python3.13/site-packages/pytorch_lightning/utilities/data.py:79: Trying to infer the `batch_size` from an ambiguous collection. The batch size we found is 961. To avoid any miscalculations, use `self.log(..., batch_size=batch_size)`.
/home/alireza/anaconda3/lib/python3.13/site-packages/pytorch_lightning/utilities/data.py:79: Trying to infer the `batch_size` from an ambiguous collection. The batch size we found is 901. To avoid any miscalculations, use `self.log(..., batch_size=batch_size)`.
/home/alireza/anaconda3/lib/python3.13/site-packages/pytorch_lightning/utilities/data.py:79: Trying to infer the `batch_size` from an ambiguous collection. The batch size we found is 870. To avoid any miscalculations, use `self.log(..., batch_size=batch_size)`.
/home/alireza/anaconda3/lib/python3.13/site-packages/pytorch_lightning/utilities/data.py:79: Trying to infer the `batch_size` from an ambiguous collection. The batch size we found is 887. To avoid any miscalculations, use `self.log(..., batch_size=batch_size)`.
/home/alireza/anaconda3/lib/python3.13/site-packages/pytorch_lightning/utilities/data.py:79: Trying to infer the `batch_size` from an ambiguous collection. The batch size we found is 908. To avoid any miscalculations, use `self.log(..., batch_size=batch_size)`.
/home/alireza/anaconda3/lib/python3.13/site-packages/pytorch_lightning/utilities/data.py:79: Trying to infer the `batch_size` from an ambiguous collection. The batch size we found is 975. To avoid any miscalculations, use `self.log(..., batch_size=batch_size)`.
/home/alireza/anaconda3/lib/python3.13/site-packages/pytorch_lightning/utilities/data.py:79: Trying to infer the `batch_size` from an ambiguous collection. The batch size we found is 919. To avoid any miscalculations, use `self.log(..., batch_size=batch_size)`.
/home/alireza/anaconda3/lib/python3.13/site-packages/pytorch_lightning/utilities/data.py:79: Trying to infer the `batch_size` from an ambiguous collection. The batch size we found is 933. To avoid any miscalculations, use `self.log(..., batch_size=batch_size)`.
/home/alireza/anaconda3/lib/python3.13/site-packages/pytorch_lightning/utilities/data.py:79: Trying to infer the `batch_size` from an ambiguous collection. The batch size we found is 915. To avoid any miscalculations, use `self.log(..., batch_size=batch_size)`.
/home/alireza/anaconda3/lib/python3.13/site-packages/pytorch_lightning/utilities/data.py:79: Trying to infer the `batch_size` from an ambiguous collection. The batch size we found is 928. To avoid any miscalculations, use `self.log(..., batch_size=batch_size)`.
/home/alireza/anaconda3/lib/python3.13/site-packages/pytorch_lightning/utilities/data.py:79: Trying to infer the `batch_size` from an ambiguous collection. The batch size we found is 824. To avoid any miscalculations, use `self.log(..., batch_size=batch_size)`.
/home/alireza/anaconda3/lib/python3.13/site-packages/pytorch_lightning/utilities/data.py:79: Trying to infer the `batch_size` from an ambiguous collection. The batch size we found is 832. To avoid any miscalculations, use `self.log(..., batch_size=batch_size)`.
/home/alireza/anaconda3/lib/python3.13/site-packages/pytorch_lightning/utilities/data.py:79: Trying to infer the `batch_size` from an ambiguous collection. The batch size we found is 878. To avoid any miscalculations, use `self.log(..., batch_size=batch_size)`.
/home/alireza/anaconda3/lib/python3.13/site-packages/pytorch_lightning/utilities/data.py:79: Trying to infer the `batch_size` from an ambiguous collection. The batch size we found is 864. To avoid any miscalculations, use `self.log(..., batch_size=batch_size)`.
/home/alireza/anaconda3/lib/python3.13/site-packages/pytorch_lightning/utilities/data.py:79: Trying to infer the `batch_size` from an ambiguous collection. The batch size we found is 844. To avoid any miscalculations, use `self.log(..., batch_size=batch_size)`.
/home/alireza/anaconda3/lib/python3.13/site-packages/pytorch_lightning/utilities/data.py:79: Trying to infer the `batch_size` from an ambiguous collection. The batch size we found is 811. To avoid any miscalculations, use `self.log(..., batch_size=batch_size)`.
/home/alireza/anaconda3/lib/python3.13/site-packages/pytorch_lightning/utilities/data.py:79: Trying to infer the `batch_size` from an ambiguous collection. The batch size we found is 854. To avoid any miscalculations, use `self.log(..., batch_size=batch_size)`.
/home/alireza/anaconda3/lib/python3.13/site-packages/pytorch_lightning/utilities/data.py:79: Trying to infer the `batch_size` from an ambiguous collection. The batch size we found is 875. To avoid any miscalculations, use `self.log(..., batch_size=batch_size)`.
/home/alireza/anaconda3/lib/python3.13/site-packages/pytorch_lightning/utilities/data.py:79: Trying to infer the `batch_size` from an ambiguous collection. The batch size we found is 879. To avoid any miscalculations, use `self.log(..., batch_size=batch_size)`.
/home/alireza/anaconda3/lib/python3.13/site-packages/pytorch_lightning/utilities/data.py:79: Trying to infer the `batch_size` from an ambiguous collection. The batch size we found is 855. To avoid any miscalculations, use `self.log(..., batch_size=batch_size)`.
/home/alireza/anaconda3/lib/python3.13/site-packages/pytorch_lightning/utilities/data.py:79: Trying to infer the `batch_size` from an ambiguous collection. The batch size we found is 810. To avoid any miscalculations, use `self.log(..., batch_size=batch_size)`.
/home/alireza/anaconda3/lib/python3.13/site-packages/pytorch_lightning/utilities/data.py:79: Trying to infer the `batch_size` from an ambiguous collection. The batch size we found is 892. To avoid any miscalculations, use `self.log(..., batch_size=batch_size)`.
/home/alireza/anaconda3/lib/python3.13/site-packages/pytorch_lightning/utilities/data.py:79: Trying to infer the `batch_size` from an ambiguous collection. The batch size we found is 925. To avoid any miscalculations, use `self.log(..., batch_size=batch_size)`.
/home/alireza/anaconda3/lib/python3.13/site-packages/pytorch_lightning/utilities/data.py:79: Trying to infer the `batch_size` from an ambiguous collection. The batch size we found is 903. To avoid any miscalculations, use `self.log(..., batch_size=batch_size)`.
/home/alireza/anaconda3/lib/python3.13/site-packages/pytorch_lightning/utilities/data.py:79: Trying to infer the `batch_size` from an ambiguous collection. The batch size we found is 836. To avoid any miscalculations, use `self.log(..., batch_size=batch_size)`.
/home/alireza/anaconda3/lib/python3.13/site-packages/pytorch_lightning/utilities/data.py:79: Trying to infer the `batch_size` from an ambiguous collection. The batch size we found is 823. To avoid any miscalculations, use `self.log(..., batch_size=batch_size)`.
/home/alireza/anaconda3/lib/python3.13/site-packages/pytorch_lightning/utilities/data.py:79: Trying to infer the `batch_size` from an ambiguous collection. The batch size we found is 958. To avoid any miscalculations, use `self.log(..., batch_size=batch_size)`.
/home/alireza/anaconda3/lib/python3.13/site-packages/pytorch_lightning/utilities/data.py:79: Trying to infer the `batch_size` from an ambiguous collection. The batch size we found is 882. To avoid any miscalculations, use `self.log(..., batch_size=batch_size)`.
/home/alireza/anaconda3/lib/python3.13/site-packages/pytorch_lightning/utilities/data.py:79: Trying to infer the `batch_size` from an ambiguous collection. The batch size we found is 835. To avoid any miscalculations, use `self.log(..., batch_size=batch_size)`.
/home/alireza/anaconda3/lib/python3.13/site-packages/pytorch_lightning/utilities/data.py:79: Trying to infer the `batch_size` from an ambiguous collection. The batch size we found is 880. To avoid any miscalculations, use `self.log(..., batch_size=batch_size)`.
/home/alireza/anaconda3/lib/python3.13/site-packages/pytorch_lightning/utilities/data.py:79: Trying to infer the `batch_size` from an ambiguous collection. The batch size we found is 936. To avoid any miscalculations, use `self.log(..., batch_size=batch_size)`.
/home/alireza/anaconda3/lib/python3.13/site-packages/pytorch_lightning/utilities/data.py:79: Trying to infer the `batch_size` from an ambiguous collection. The batch size we found is 911. To avoid any miscalculations, use `self.log(..., batch_size=batch_size)`.
/home/alireza/anaconda3/lib/python3.13/site-packages/pytorch_lightning/utilities/data.py:79: Trying to infer the `batch_size` from an ambiguous collection. The batch size we found is 845. To avoid any miscalculations, use `self.log(..., batch_size=batch_size)`.
/home/alireza/anaconda3/lib/python3.13/site-packages/pytorch_lightning/utilities/data.py:79: Trying to infer the `batch_size` from an ambiguous collection. The batch size we found is 846. To avoid any miscalculations, use `self.log(..., batch_size=batch_size)`.
/home/alireza/anaconda3/lib/python3.13/site-packages/pytorch_lightning/utilities/data.py:79: Trying to infer the `batch_size` from an ambiguous collection. The batch size we found is 764. To avoid any miscalculations, use `self.log(..., batch_size=batch_size)`.
/home/alireza/anaconda3/lib/python3.13/site-packages/pytorch_lightning/utilities/data.py:79: Trying to infer the `batch_size` from an ambiguous collection. The batch size we found is 924. To avoid any miscalculations, use `self.log(..., batch_size=batch_size)`.
/home/alireza/anaconda3/lib/python3.13/site-packages/pytorch_lightning/utilities/data.py:79: Trying to infer the `batch_size` from an ambiguous collection. The batch size we found is 799. To avoid any miscalculations, use `self.log(..., batch_size=batch_size)`.
/home/alireza/anaconda3/lib/python3.13/site-packages/pytorch_lightning/utilities/data.py:79: Trying to infer the `batch_size` from an ambiguous collection. The batch size we found is 116. To avoid any miscalculations, use `self.log(..., batch_size=batch_size)`.
Metric val/mae improved. New best score: 0.638
Epoch 0, global step 625: 'val/mae' reached 0.63786 (best 0.63786), saving model to '/media/alireza/D29856C39856A62F/AI project/projects/spectral-temporal-curriculum-molecular-gap-prediction/checkpoints/spectral-temporal-00-0.6379.ckpt' as top 3
Epoch 0/99 ━━━━━━━━━━━━━━━━ 625/625 0:00:21 •        29.43it/s v_num: ca8a      
                                    0:00:00                    train/loss: 0.697
                                                               val/loss: 0.766  
2026-02-07 13:44:22,356 - spectral_temporal_curriculum_molecular_gap_prediction.training.trainer - INFO - Epoch 1: Using 10.00% of training data
Epoch 1, global step 1250: 'val/mae' reached 0.69915 (best 0.63786), saving model to '/media/alireza/D29856C39856A62F/AI project/projects/spectral-temporal-curriculum-molecular-gap-prediction/checkpoints/spectral-temporal-01-0.6992.ckpt' as top 3
Epoch 1/99 ━━━━━━━━━━━━━━━━ 625/625 0:00:21 •        28.78it/s v_num: ca8a      
                                    0:00:00                    train/loss: 0.724
                                                               val/loss: 0.790  
2026-02-07 13:44:45,802 - spectral_temporal_curriculum_molecular_gap_prediction.training.trainer - INFO - Epoch 2: Using 10.00% of training data
Epoch 2, global step 1875: 'val/mae' reached 0.70236 (best 0.63786), saving model to '/media/alireza/D29856C39856A62F/AI project/projects/spectral-temporal-curriculum-molecular-gap-prediction/checkpoints/spectral-temporal-02-0.7024.ckpt' as top 3
Epoch 2/99 ━━━━━━━━━━━━━━━━ 625/625 0:00:21 •        28.68it/s v_num: ca8a      
                                    0:00:00                    train/loss: 0.699
                                                               val/loss: 0.782  
2026-02-07 13:45:09,341 - spectral_temporal_curriculum_molecular_gap_prediction.training.trainer - INFO - Epoch 3: Using 10.00% of training data
Epoch 3, global step 2500: 'val/mae' was not in top 3
Epoch 3/99 ━━━━━━━━━━━━━━━━ 625/625 0:00:21 •        28.68it/s v_num: ca8a      
                                    0:00:00                    train/loss: 0.732
                                                               val/loss: 0.833  
2026-02-07 13:45:32,824 - spectral_temporal_curriculum_molecular_gap_prediction.training.trainer - INFO - Epoch 4: Using 10.00% of training data
Epoch 4, global step 3125: 'val/mae' reached 0.68274 (best 0.63786), saving model to '/media/alireza/D29856C39856A62F/AI project/projects/spectral-temporal-curriculum-molecular-gap-prediction/checkpoints/spectral-temporal-04-0.6827.ckpt' as top 3
Epoch 4/99 ━━━━━━━━━━━━━━━━ 625/625 0:00:21 •        28.73it/s v_num: ca8a      
                                    0:00:00                    train/loss: 0.763
                                                               val/loss: 0.742  
2026-02-07 13:45:56,348 - spectral_temporal_curriculum_molecular_gap_prediction.training.trainer - INFO - Epoch 5: Using 35.00% of training data
Epoch 5, global step 3750: 'val/mae' was not in top 3
Epoch 5/99 ━━━━━━━━━━━━━━━━ 625/625 0:00:21 •        28.63it/s v_num: ca8a      
                                    0:00:00                    train/loss: 0.645
                                                               val/loss: 0.881  
2026-02-07 13:46:19,890 - spectral_temporal_curriculum_molecular_gap_prediction.training.trainer - INFO - Epoch 6: Using 40.00% of training data
Epoch 6, global step 4375: 'val/mae' was not in top 3
Epoch 6/99 ━━━━━━━━━━━━━━━━ 625/625 0:00:22 •        28.50it/s v_num: ca8a      
                                    0:00:00                    train/loss: 0.740
                                                               val/loss: 0.750  
2026-02-07 13:46:43,554 - spectral_temporal_curriculum_molecular_gap_prediction.training.trainer - INFO - Epoch 7: Using 45.00% of training data
Epoch 7, global step 5000: 'val/mae' reached 0.69051 (best 0.63786), saving model to '/media/alireza/D29856C39856A62F/AI project/projects/spectral-temporal-curriculum-molecular-gap-prediction/checkpoints/spectral-temporal-07-0.6905.ckpt' as top 3
Epoch 7/99 ━━━━━━━━━━━━━━━━ 625/625 0:00:21 •        28.71it/s v_num: ca8a      
                                    0:00:00                    train/loss: 0.623
                                                               val/loss: 0.736  
2026-02-07 13:47:07,045 - spectral_temporal_curriculum_molecular_gap_prediction.training.trainer - INFO - Epoch 8: Using 50.00% of training data
Epoch 8, global step 5625: 'val/mae' was not in top 3
Epoch 8/99 ━━━━━━━━━━━━━━━━ 625/625 0:00:22 •        27.64it/s v_num: ca8a      
                                    0:00:00                    train/loss: 0.703
                                                               val/loss: 0.764  
2026-02-07 13:47:31,453 - spectral_temporal_curriculum_molecular_gap_prediction.training.trainer - INFO - Epoch 9: Using 55.00% of training data
Epoch 9, global step 6250: 'val/mae' was not in top 3
Epoch 9/99 ━━━━━━━━━━━━━━━━ 625/625 0:00:21 •        28.65it/s v_num: ca8a      
                                    0:00:00                    train/loss: 0.724
                                                               val/loss: 0.815  
2026-02-07 13:47:54,957 - spectral_temporal_curriculum_molecular_gap_prediction.training.trainer - INFO - Epoch 10: Using 60.00% of training data
Epoch 10, global step 6875: 'val/mae' was not in top 3
Epoch 10/99 ━━━━━━━━━━━━━━━━ 625/625 0:00:22 •       28.50it/s v_num: ca8a      
                                     0:00:00                   train/loss: 0.914
                                                               val/loss: 0.933  
2026-02-07 13:48:18,636 - spectral_temporal_curriculum_molecular_gap_prediction.training.trainer - INFO - Epoch 11: Using 65.00% of training data
Epoch 11, global step 7500: 'val/mae' was not in top 3
Epoch 11/99 ━━━━━━━━━━━━━━━━ 625/625 0:00:23 •       26.92it/s v_num: ca8a      
                                     0:00:00                   train/loss: 0.784
                                                               val/loss: 0.900  
2026-02-07 13:48:43,778 - spectral_temporal_curriculum_molecular_gap_prediction.training.trainer - INFO - Epoch 12: Using 70.00% of training data
Epoch 12, global step 8125: 'val/mae' was not in top 3
Epoch 12/99 ━━━━━━━━━━━━━━━━ 625/625 0:00:32 •       19.14it/s v_num: ca8a      
                                     0:00:00                   train/loss: 0.708
                                                               val/loss: 0.790  
2026-02-07 13:49:17,381 - spectral_temporal_curriculum_molecular_gap_prediction.training.trainer - INFO - Epoch 13: Using 75.00% of training data
Epoch 13, global step 8750: 'val/mae' was not in top 3
Epoch 13/99 ━━━━━━━━━━━━━━━━ 625/625 0:00:20 •       29.92it/s v_num: ca8a      
                                     0:00:00                   train/loss: 0.670
                                                               val/loss: 0.835  
2026-02-07 13:49:39,887 - spectral_temporal_curriculum_molecular_gap_prediction.training.trainer - INFO - Epoch 14: Using 80.00% of training data
Epoch 14, global step 9375: 'val/mae' was not in top 3
Epoch 14/99 ━━━━━━━━━━━━━━━━ 625/625 0:00:21 •       29.74it/s v_num: ca8a      
                                     0:00:00                   train/loss: 0.698
                                                               val/loss: 0.811  
2026-02-07 13:50:02,563 - spectral_temporal_curriculum_molecular_gap_prediction.training.trainer - INFO - Epoch 15: Using 85.00% of training data
Monitored metric val/mae did not improve in the last 15 records. Best score: 0.638. Signaling Trainer to stop.
Epoch 15, global step 10000: 'val/mae' was not in top 3
Epoch 15/99 ━━━━━━━━━━━━━━━━ 625/625 0:00:20 •       30.05it/s v_num: ca8a      
                                     0:00:00                   train/loss: 0.704
                                                               val/loss: 0.747  
/home/alireza/anaconda3/lib/python3.13/site-packages/torchmetrics/utilities/prints.py:43: UserWarning: The ``compute`` method of metric MeanAbsoluteError was called before the ``update`` method which may lead to errors, as metric states have not yet been updated.
  warnings.warn(*args, **kwargs)
/home/alireza/anaconda3/lib/python3.13/site-packages/torchmetrics/utilities/prints.py:43: UserWarning: The ``compute`` method of metric MeanSquaredError was called before the ``update`` method which may lead to errors, as metric states have not yet been updated.
  warnings.warn(*args, **kwargs)
2026-02-07 13:50:25,116 - spectral_temporal_curriculum_molecular_gap_prediction.evaluation.metrics - WARNING - Insufficient training history for convergence analysis
2026-02-07 13:50:25,116 - spectral_temporal_curriculum_molecular_gap_prediction.evaluation.metrics - WARNING - Insufficient data for plotting
2026-02-07 13:50:25,134 - __main__ - INFO - Best model saved: /media/alireza/D29856C39856A62F/AI project/projects/spectral-temporal-curriculum-molecular-gap-prediction/checkpoints/spectral-temporal-00-0.6379.ckpt
2026-02-07 13:50:25,135 - __main__ - INFO - Training completed successfully

==================================================
TRAINING COMPLETED
==================================================
Final Validation MAE: nan eV
✗ Target MAE not achieved (nan > 0.0820 eV)
Best Model: /media/alireza/D29856C39856A62F/AI project/projects/spectral-temporal-curriculum-molecular-gap-prediction/checkpoints/spectral-temporal-00-0.6379.ckpt
==================================================
